Started GET "/" for 127.0.0.1 at 2018-11-07 17:52:30 +0530
Processing by Rails::WelcomeController#index as HTML
  Parameters: {"internal"=>true}
  Rendering /home/mohammad/.rvm/gems/ruby-2.5.1/gems/railties-5.0.7/lib/rails/templates/rails/welcome/index.html.erb
  Rendered /home/mohammad/.rvm/gems/ruby-2.5.1/gems/railties-5.0.7/lib/rails/templates/rails/welcome/index.html.erb (6.1ms)
Completed 200 OK in 75ms (Views: 32.4ms | ActiveRecord: 0.0ms)


Started GET "/posts" for 127.0.0.1 at 2018-11-07 17:52:37 +0530
  
SyntaxError (/home/mohammad/repo1/blog/app/controllers/application_controller.rb:3: syntax error, unexpected end-of-input, expecting keyword_end):
  
app/controllers/application_controller.rb:3: syntax error, unexpected end-of-input, expecting keyword_end
app/controllers/posts_controller.rb:1:in `<top (required)>'
  Rendering /home/mohammad/.rvm/gems/ruby-2.5.1/gems/actionpack-5.0.7/lib/action_dispatch/middleware/templates/rescues/diagnostics.html.erb within rescues/layout
  Rendering /home/mohammad/.rvm/gems/ruby-2.5.1/gems/actionpack-5.0.7/lib/action_dispatch/middleware/templates/rescues/_source.html.erb
  Rendered /home/mohammad/.rvm/gems/ruby-2.5.1/gems/actionpack-5.0.7/lib/action_dispatch/middleware/templates/rescues/_source.html.erb (4.8ms)
  Rendering /home/mohammad/.rvm/gems/ruby-2.5.1/gems/actionpack-5.0.7/lib/action_dispatch/middleware/templates/rescues/_trace.html.erb
  Rendered /home/mohammad/.rvm/gems/ruby-2.5.1/gems/actionpack-5.0.7/lib/action_dispatch/middleware/templates/rescues/_trace.html.erb (1.9ms)
  Rendering /home/mohammad/.rvm/gems/ruby-2.5.1/gems/actionpack-5.0.7/lib/action_dispatch/middleware/templates/rescues/_request_and_response.html.erb
  Rendered /home/mohammad/.rvm/gems/ruby-2.5.1/gems/actionpack-5.0.7/lib/action_dispatch/middleware/templates/rescues/_request_and_response.html.erb (0.9ms)
  Rendered /home/mohammad/.rvm/gems/ruby-2.5.1/gems/actionpack-5.0.7/lib/action_dispatch/middleware/templates/rescues/diagnostics.html.erb within rescues/layout (46.3ms)
Started GET "/posts" for 127.0.0.1 at 2018-11-07 17:53:22 +0530
  
Started GET "/" for 127.0.0.1 at 2018-11-07 17:53:32 +0530
SyntaxError (/home/mohammad/repo1/blog/app/controllers/application_controller.rb:3: syntax error, unexpected end-of-input):
  
app/controllers/application_controller.rb:3: syntax error, unexpected end-of-input
app/controllers/posts_controller.rb:1:in `<top (required)>'
Processing by Rails::WelcomeController#index as HTML
  Parameters: {"internal"=>true}
  Rendering /home/mohammad/.rvm/gems/ruby-2.5.1/gems/railties-5.0.7/lib/rails/templates/rails/welcome/index.html.erb
  Rendered /home/mohammad/.rvm/gems/ruby-2.5.1/gems/railties-5.0.7/lib/rails/templates/rails/welcome/index.html.erb (4.0ms)
Completed 200 OK in 8ms (Views: 5.8ms | ActiveRecord: 0.0ms)


  Rendering /home/mohammad/.rvm/gems/ruby-2.5.1/gems/actionpack-5.0.7/lib/action_dispatch/middleware/templates/rescues/diagnostics.html.erb within rescues/layout
  Rendering /home/mohammad/.rvm/gems/ruby-2.5.1/gems/actionpack-5.0.7/lib/action_dispatch/middleware/templates/rescues/_source.html.erb
  Rendered /home/mohammad/.rvm/gems/ruby-2.5.1/gems/actionpack-5.0.7/lib/action_dispatch/middleware/templates/rescues/_source.html.erb (7.4ms)
  Rendering /home/mohammad/.rvm/gems/ruby-2.5.1/gems/actionpack-5.0.7/lib/action_dispatch/middleware/templates/rescues/_trace.html.erb
  Rendered /home/mohammad/.rvm/gems/ruby-2.5.1/gems/actionpack-5.0.7/lib/action_dispatch/middleware/templates/rescues/_trace.html.erb (3.2ms)
  Rendering /home/mohammad/.rvm/gems/ruby-2.5.1/gems/actionpack-5.0.7/lib/action_dispatch/middleware/templates/rescues/_request_and_response.html.erb
  Rendered /home/mohammad/.rvm/gems/ruby-2.5.1/gems/actionpack-5.0.7/lib/action_dispatch/middleware/templates/rescues/_request_and_response.html.erb (1.0ms)
  Rendered /home/mohammad/.rvm/gems/ruby-2.5.1/gems/actionpack-5.0.7/lib/action_dispatch/middleware/templates/rescues/diagnostics.html.erb within rescues/layout (35.4ms)
Started GET "/posts" for 127.0.0.1 at 2018-11-07 17:53:38 +0530
  
SyntaxError (/home/mohammad/repo1/blog/app/controllers/application_controller.rb:3: syntax error, unexpected end-of-input):
  
app/controllers/application_controller.rb:3: syntax error, unexpected end-of-input
app/controllers/posts_controller.rb:1:in `<top (required)>'
  Rendering /home/mohammad/.rvm/gems/ruby-2.5.1/gems/actionpack-5.0.7/lib/action_dispatch/middleware/templates/rescues/diagnostics.html.erb within rescues/layout
  Rendering /home/mohammad/.rvm/gems/ruby-2.5.1/gems/actionpack-5.0.7/lib/action_dispatch/middleware/templates/rescues/_source.html.erb
  Rendered /home/mohammad/.rvm/gems/ruby-2.5.1/gems/actionpack-5.0.7/lib/action_dispatch/middleware/templates/rescues/_source.html.erb (4.3ms)
  Rendering /home/mohammad/.rvm/gems/ruby-2.5.1/gems/actionpack-5.0.7/lib/action_dispatch/middleware/templates/rescues/_trace.html.erb
  Rendered /home/mohammad/.rvm/gems/ruby-2.5.1/gems/actionpack-5.0.7/lib/action_dispatch/middleware/templates/rescues/_trace.html.erb (2.5ms)
  Rendering /home/mohammad/.rvm/gems/ruby-2.5.1/gems/actionpack-5.0.7/lib/action_dispatch/middleware/templates/rescues/_request_and_response.html.erb
  Rendered /home/mohammad/.rvm/gems/ruby-2.5.1/gems/actionpack-5.0.7/lib/action_dispatch/middleware/templates/rescues/_request_and_response.html.erb (1.3ms)
  Rendered /home/mohammad/.rvm/gems/ruby-2.5.1/gems/actionpack-5.0.7/lib/action_dispatch/middleware/templates/rescues/diagnostics.html.erb within rescues/layout (27.0ms)
Started GET "/posts" for 127.0.0.1 at 2018-11-07 17:54:48 +0530
Processing by PostsController#index as HTML
  Rendering posts/index.html.erb within layouts/application
  Rendered posts/index.html.erb within layouts/application (0.3ms)
Completed 200 OK in 1932ms (Views: 1931.6ms | ActiveRecord: 0.0ms)


  [1m[35m (93.7ms)[0m  [1m[35mCREATE TABLE "schema_migrations" ("version" varchar NOT NULL PRIMARY KEY)[0m
  [1m[35m (331.2ms)[0m  [1m[35mCREATE TABLE "ar_internal_metadata" ("key" varchar NOT NULL PRIMARY KEY, "value" varchar, "created_at" datetime NOT NULL, "updated_at" datetime NOT NULL)[0m
  [1m[36mActiveRecord::SchemaMigration Load (0.2ms)[0m  [1m[34mSELECT "schema_migrations".* FROM "schema_migrations"[0m
Migrating to CreatePosts (20181107124523)
  [1m[35m (0.1ms)[0m  [1m[36mbegin transaction[0m
  [1m[35m (0.4ms)[0m  [1m[35mCREATE TABLE "posts" ("id" INTEGER PRIMARY KEY AUTOINCREMENT NOT NULL, "title" varchar, "content" text, "created_at" datetime NOT NULL, "updated_at" datetime NOT NULL)[0m
  [1m[35mSQL (0.2ms)[0m  [1m[32mINSERT INTO "schema_migrations" ("version") VALUES (?)[0m  [["version", "20181107124523"]]
  [1m[35m (123.4ms)[0m  [1m[36mcommit transaction[0m
  [1m[36mActiveRecord::InternalMetadata Load (0.3ms)[0m  [1m[34mSELECT  "ar_internal_metadata".* FROM "ar_internal_metadata" WHERE "ar_internal_metadata"."key" = ? LIMIT ?[0m  [["key", "environment"], ["LIMIT", 1]]
  [1m[35m (0.1ms)[0m  [1m[36mbegin transaction[0m
  [1m[35mSQL (0.3ms)[0m  [1m[32mINSERT INTO "ar_internal_metadata" ("key", "value", "created_at", "updated_at") VALUES (?, ?, ?, ?)[0m  [["key", "environment"], ["value", "development"], ["created_at", "2018-11-07 12:48:35.138813"], ["updated_at", "2018-11-07 12:48:35.138813"]]
  [1m[35m (108.5ms)[0m  [1m[36mcommit transaction[0m
  [1m[36mActiveRecord::SchemaMigration Load (0.2ms)[0m  [1m[34mSELECT "schema_migrations".* FROM "schema_migrations"[0m
  [1m[36mActiveRecord::SchemaMigration Load (0.2ms)[0m  [1m[34mSELECT "schema_migrations".* FROM "schema_migrations"[0m
  [1m[36mActiveRecord::InternalMetadata Load (0.2ms)[0m  [1m[34mSELECT  "ar_internal_metadata".* FROM "ar_internal_metadata" WHERE "ar_internal_metadata"."key" = ? LIMIT ?[0m  [["key", "environment"], ["LIMIT", 1]]
  [1m[35m (0.1ms)[0m  [1m[36mbegin transaction[0m
  [1m[35m (0.0ms)[0m  [1m[36mcommit transaction[0m
  [1m[36mActiveRecord::SchemaMigration Load (0.1ms)[0m  [1m[34mSELECT "schema_migrations".* FROM "schema_migrations"[0m
  [1m[36mActiveRecord::SchemaMigration Load (0.2ms)[0m  [1m[34mSELECT "schema_migrations".* FROM "schema_migrations"[0m
  [1m[36mActiveRecord::InternalMetadata Load (0.3ms)[0m  [1m[34mSELECT  "ar_internal_metadata".* FROM "ar_internal_metadata" WHERE "ar_internal_metadata"."key" = ? LIMIT ?[0m  [["key", "environment"], ["LIMIT", 1]]
  [1m[35m (0.1ms)[0m  [1m[36mbegin transaction[0m
  [1m[35m (0.1ms)[0m  [1m[36mcommit transaction[0m
  [1m[36mActiveRecord::SchemaMigration Load (0.1ms)[0m  [1m[34mSELECT "schema_migrations".* FROM "schema_migrations"[0m
  [1m[36mActiveRecord::SchemaMigration Load (0.2ms)[0m  [1m[34mSELECT "schema_migrations".* FROM "schema_migrations"[0m
  [1m[36mActiveRecord::InternalMetadata Load (0.2ms)[0m  [1m[34mSELECT  "ar_internal_metadata".* FROM "ar_internal_metadata" WHERE "ar_internal_metadata"."key" = ? LIMIT ?[0m  [["key", "environment"], ["LIMIT", 1]]
  [1m[35m (0.1ms)[0m  [1m[36mbegin transaction[0m
  [1m[35m (0.0ms)[0m  [1m[36mcommit transaction[0m
  [1m[36mActiveRecord::SchemaMigration Load (0.1ms)[0m  [1m[34mSELECT "schema_migrations".* FROM "schema_migrations"[0m
  [1m[36mActiveRecord::SchemaMigration Load (0.2ms)[0m  [1m[34mSELECT "schema_migrations".* FROM "schema_migrations"[0m
  [1m[36mActiveRecord::InternalMetadata Load (0.3ms)[0m  [1m[34mSELECT  "ar_internal_metadata".* FROM "ar_internal_metadata" WHERE "ar_internal_metadata"."key" = ? LIMIT ?[0m  [["key", "environment"], ["LIMIT", 1]]
  [1m[35m (0.1ms)[0m  [1m[36mbegin transaction[0m
  [1m[35m (0.1ms)[0m  [1m[36mcommit transaction[0m
  [1m[36mActiveRecord::SchemaMigration Load (0.1ms)[0m  [1m[34mSELECT "schema_migrations".* FROM "schema_migrations"[0m
  [1m[36mActiveRecord::SchemaMigration Load (0.2ms)[0m  [1m[34mSELECT "schema_migrations".* FROM "schema_migrations"[0m
  [1m[36mActiveRecord::InternalMetadata Load (0.2ms)[0m  [1m[34mSELECT  "ar_internal_metadata".* FROM "ar_internal_metadata" WHERE "ar_internal_metadata"."key" = ? LIMIT ?[0m  [["key", "environment"], ["LIMIT", 1]]
  [1m[35m (0.1ms)[0m  [1m[36mbegin transaction[0m
  [1m[35m (0.0ms)[0m  [1m[36mcommit transaction[0m
  [1m[36mActiveRecord::SchemaMigration Load (0.1ms)[0m  [1m[34mSELECT "schema_migrations".* FROM "schema_migrations"[0m
